Running Sphinx v2.4.4
loading translations [en]... done
loading pickled environment... done
building [mo]: targets for 0 po files that are out of date
building [html]: targets for 1 source files that are out of date
updating environment: [config changed ('numpydoc_xref_aliases')] 8 added, 0 changed, 0 removed
reading sources... [ 12%] chempy
reading sources... [ 25%] chempy.electrochemistry
reading sources... [ 37%] chempy.kinetics
reading sources... [ 50%] chempy.printing
reading sources... [ 62%] chempy.properties
reading sources... [ 75%] chempy.thermodynamics
reading sources... [ 87%] chempy.util
reading sources... [100%] index

looking for now-outdated files... none found
pickling environment... done
checking consistency... done
preparing documents... done
writing output... [ 12%] chempy
writing output... [ 25%] chempy.electrochemistry
writing output... [ 37%] chempy.kinetics
writing output... [ 50%] chempy.printing
writing output... [ 62%] chempy.properties
writing output... [ 75%] chempy.thermodynamics
writing output... [ 87%] chempy.util
writing output... [100%] index

generating indices...  genindex py-modindexdone
highlighting module code... [  2%] chempy.chemistry
highlighting module code... [  4%] chempy.einstein_smoluchowski
highlighting module code... [  6%] chempy.electrochemistry.nernst
highlighting module code... [  8%] chempy.electrolytes
highlighting module code... [ 10%] chempy.equilibria
highlighting module code... [ 13%] chempy.henry
highlighting module code... [ 15%] chempy.kinetics.analysis
highlighting module code... [ 17%] chempy.kinetics.arrhenius
highlighting module code... [ 19%] chempy.kinetics.eyring
highlighting module code... [ 21%] chempy.kinetics.integrated
highlighting module code... [ 23%] chempy.kinetics.ode
highlighting module code... [ 26%] chempy.kinetics.rates
highlighting module code... [ 28%] chempy.printing.js
highlighting module code... [ 30%] chempy.printing.numbers
highlighting module code... [ 32%] chempy.printing.pretty
highlighting module code... [ 34%] chempy.printing.printer
highlighting module code... [ 36%] chempy.printing.string
highlighting module code... [ 39%] chempy.printing.table
highlighting module code... [ 41%] chempy.printing.tables
highlighting module code... [ 43%] chempy.printing.tex
highlighting module code... [ 45%] chempy.printing.web
highlighting module code... [ 47%] chempy.properties.debye_huckel_radii
highlighting module code... [ 50%] chempy.properties.gas_sol_electrolytes_schumpe_1993
highlighting module code... [ 52%] chempy.properties.sulfuric_acid_density_myhre_1998
highlighting module code... [ 54%] chempy.properties.water_density_tanaka_2001
highlighting module code... [ 56%] chempy.properties.water_diffusivity_holz_2000
highlighting module code... [ 58%] chempy.properties.water_permittivity_bradley_pitzer_1979
highlighting module code... [ 60%] chempy.properties.water_viscosity_korson_1969
highlighting module code... [ 63%] chempy.reactionsystem
highlighting module code... [ 65%] chempy.symbolic
highlighting module code... [ 67%] chempy.thermodynamics.expressions
highlighting module code... [ 69%] chempy.units
highlighting module code... [ 71%] chempy.util.arithmeticdict
highlighting module code... [ 73%] chempy.util.bkh
highlighting module code... [ 76%] chempy.util.deprecation
highlighting module code... [ 78%] chempy.util.graph
highlighting module code... [ 80%] chempy.util.numutil
highlighting module code... [ 82%] chempy.util.parsing
highlighting module code... [ 84%] chempy.util.periodic
highlighting module code... [ 86%] chempy.util.pyutil
highlighting module code... [ 89%] chempy.util.regression
highlighting module code... [ 91%] chempy.util.rendering
highlighting module code... [ 93%] chempy.util.stoich
highlighting module code... [ 95%] chempy.util.table
highlighting module code... [ 97%] chempy.util.terminal
highlighting module code... [100%] chempy.util.testing

writing additional pages...  searchdone
copying static files... ... done
copying extra files... done
dumping search index in English (code: en)... done
dumping object inventory... done
build succeeded, 274 warnings.

The HTML pages are in _build/html.
