Running Sphinx v1.7.5
loading translations [en]... done
loading pickled environment... done
building [mo]: targets for 0 po files that are out of date
building [html]: targets for 8 source files that are out of date
updating environment: [config changed] 8 added, 0 changed, 0 removed
reading sources... [ 12%] chempy
reading sources... [ 25%] chempy.electrochemistry
reading sources... [ 37%] chempy.kinetics
reading sources... [ 50%] chempy.printing
reading sources... [ 62%] chempy.properties
reading sources... [ 75%] chempy.thermodynamics
reading sources... [ 87%] chempy.util
reading sources... [100%] index

looking for now-outdated files... none found
pickling environment... done
checking consistency... done
preparing documents... done
writing output... [ 12%] chempy
writing output... [ 25%] chempy.electrochemistry
writing output... [ 37%] chempy.kinetics
writing output... [ 50%] chempy.printing
writing output... [ 62%] chempy.properties
writing output... [ 75%] chempy.thermodynamics
writing output... [ 87%] chempy.util
writing output... [100%] index

generating indices... genindex py-modindex
highlighting module code... [  2%] chempy.chemistry
highlighting module code... [  4%] chempy.einstein_smoluchowski
highlighting module code... [  6%] chempy.electrochemistry.nernst
highlighting module code... [  9%] chempy.electrolytes
highlighting module code... [ 11%] chempy.equilibria
highlighting module code... [ 13%] chempy.henry
highlighting module code... [ 16%] chempy.kinetics.analysis
highlighting module code... [ 18%] chempy.kinetics.arrhenius
highlighting module code... [ 20%] chempy.kinetics.eyring
highlighting module code... [ 23%] chempy.kinetics.integrated
highlighting module code... [ 25%] chempy.kinetics.ode
highlighting module code... [ 27%] chempy.kinetics.rates
highlighting module code... [ 30%] chempy.printing.js
highlighting module code... [ 32%] chempy.printing.numbers
highlighting module code... [ 34%] chempy.printing.pretty
highlighting module code... [ 37%] chempy.printing.printer
highlighting module code... [ 39%] chempy.printing.string
highlighting module code... [ 41%] chempy.printing.table
highlighting module code... [ 44%] chempy.printing.tables
highlighting module code... [ 46%] chempy.printing.tex
highlighting module code... [ 48%] chempy.printing.web
highlighting module code... [ 51%] chempy.properties.debye_huckel_radii
highlighting module code... [ 53%] chempy.properties.sulfuric_acid_density_myhre_1998
highlighting module code... [ 55%] chempy.properties.water_density_tanaka_2001
highlighting module code... [ 58%] chempy.properties.water_diffusivity_holz_2000
highlighting module code... [ 60%] chempy.properties.water_permittivity_bradley_pitzer_1979
highlighting module code... [ 62%] chempy.properties.water_viscosity_korson_1969
highlighting module code... [ 65%] chempy.reactionsystem
highlighting module code... [ 67%] chempy.symbolic
highlighting module code... [ 69%] chempy.thermodynamics.expressions
highlighting module code... [ 72%] chempy.units
highlighting module code... [ 74%] chempy.util.arithmeticdict
highlighting module code... [ 76%] chempy.util.bkh
highlighting module code... [ 79%] chempy.util.deprecation
highlighting module code... [ 81%] chempy.util.graph
highlighting module code... [ 83%] chempy.util.numutil
highlighting module code... [ 86%] chempy.util.parsing
highlighting module code... [ 88%] chempy.util.periodic
highlighting module code... [ 90%] chempy.util.pyutil
highlighting module code... [ 93%] chempy.util.regression
highlighting module code... [ 95%] chempy.util.stoich
highlighting module code... [ 97%] chempy.util.table
highlighting module code... [100%] chempy.util.testing

writing additional pages... search
copying static files... done
copying extra files... done
dumping search index in English (code: en) ... done
dumping object inventory... done
build succeeded, 1838 warnings.

The HTML pages are in _build/html.
